16 0.5 5 100 40.327635
16 0.5 10 76 18.467643
16 0.5 15 76 28.573077
16 0.5 20 76 38.677985
16 0.5 25 76 48.780630
16 0.5 30 76 58.882137
16 1 5 98 39.153613
16 1 10 51 
16 1 15 51 
16 1 20 51 
16 1 25 51 
16 1 30 51 
16 2 5 96 36.223512
16 2 10 2 13.038422
16 2 15 2 23.135798
16 2 20 2 33.238587
16 2 25 2 43.338901
16 2 30 2 53.449554
16 3 5 96 33.385895
16 3 10 67 21.559018
16 3 15 69 78.016170
16 3 20 44 70.579663
16 3 25 62 112.810305
16 3 30 53 102.255549
16 4 5 90 30.347075
16 4 10 74 51.057407
16 4 15 64 103.951021
16 4 20 54 96.492663
16 4 25 57 156.582801
16 4 30 47 164.657390
16 5 5 91 27.390931
16 5 10 70 64.894738
16 5 15 44 62.708921
16 5 20 52 132.669209
16 5 25 50 181.612284
16 5 30 44 196.011323
16 6 5 90 30.611194
16 6 10 51 42.126551
16 6 15 57 105.733742
16 6 20 62 143.816213
16 6 25 43 194.458882
16 6 30 36 195.776837
16 7 5 87 33.807709
16 7 10 60 72.745156
16 7 15 46 89.131371
16 7 20 43 158.842860
16 7 25 19 121.521942
16 7 30 36 234.996457
16 8 5 89 37.787428
16 8 10 59 93.363212
16 8 15 70 108.559193
16 8 20 35 164.382063
16 8 25 29 197.583503
16 8 30 27 235.289292
16 9 5 84 38.644483
16 9 10 73 77.534283
16 9 15 64 114.794317
16 9 20 28 165.054908
16 9 25 25 194.607400
16 9 30 21 236.636214
16 10 5 88 39.252325
16 10 10 51 95.919879
16 10 15 68 150.867863
16 10 20 20 161.577332
16 10 25 61 279.361224
16 10 30 28 208.372659
